# JRE version: Java(TM) SE Runtime Environment (17.0.10+11) (build 17.0.10+11-LTS-240)
# Java VM: Java HotSpot(TM) 64-Bit Server VM (17.0.10+11-LTS-240, mixed mode, sharing, tiered, compressed oops, compressed class ptrs, g1 gc, windows-amd64)
GC Precious Log:
 CPUs: 12 total, 12 available
 Memory: 65466M
 Large Page Support: Disabled
 NUMA Support: Disabled
 Compressed Oops: Enabled (Zero based)
 Heap Region Size: 8M
 Heap Min Capacity: 8M
 Heap Initial Capacity: 1G
 Heap Max Capacity: 16368M
 Pre-touch: Disabled
 Parallel Workers: 10
 Concurrent Workers: 3
 Concurrent Refinement Workers: 10
 Periodic GC: Disabled
Heap:
 garbage-first heap   total 163840K, used 44233K [0x0000000401000000, 0x0000000800000000)
  region size 8192K, 3 young (24576K), 1 survivors (8192K)
 Metaspace       used 36048K, committed 36416K, reserved 1114112K
  class space    used 6547K, committed 6656K, reserved 1048576K
GC Heap History (18 events):
Event: 0.508 GC heap before
{Heap before GC invocations=0 (full 0):
 garbage-first heap   total 1048576K, used 49152K [0x0000000401000000, 0x0000000800000000)
  region size 8192K, 6 young (49152K), 0 survivors (0K)
 Metaspace       used 9202K, committed 9344K, reserved 1114112K
  class space    used 2464K, committed 2560K, reserved 1048576K
}
Event: 0.514 GC heap after
{Heap after GC invocations=1 (full 0):
 garbage-first heap   total 1048576K, used 14736K [0x0000000401000000, 0x0000000800000000)
  region size 8192K, 1 young (8192K), 1 survivors (8192K)
 Metaspace       used 9202K, committed 9344K, reserved 1114112K
  class space    used 2464K, committed 2560K, reserved 1048576K
}
Event: 0.794 GC heap before
{Heap before GC invocations=1 (full 0):
 garbage-first heap   total 1048576K, used 55696K [0x0000000401000000, 0x0000000800000000)
  region size 8192K, 6 young (49152K), 1 survivors (8192K)
 Metaspace       used 14773K, committed 14912K, reserved 1114112K
  class space    used 3834K, committed 3904K, reserved 1048576K
}
Event: 0.802 GC heap after
{Heap after GC invocations=2 (full 0):
 garbage-first heap   total 1048576K, used 26647K [0x0000000401000000, 0x0000000800000000)
  region size 8192K, 1 young (8192K), 1 survivors (8192K)
 Metaspace       used 14773K, committed 14912K, reserved 1114112K
  class space    used 3834K, committed 3904K, reserved 1048576K
}
Event: 1.233 GC heap before
{Heap before GC invocations=2 (full 0):
 garbage-first heap   total 1048576K, used 67607K [0x0000000401000000, 0x0000000800000000)
  region size 8192K, 6 young (49152K), 1 survivors (8192K)
 Metaspace       used 19331K, committed 19456K, reserved 1114112K
  class space    used 4473K, committed 4544K, reserved 1048576K
}
Event: 1.237 GC heap after
{Heap after GC invocations=3 (full 0):
 garbage-first heap   total 1048576K, used 28588K [0x0000000401000000, 0x0000000800000000)
  region size 8192K, 1 young (8192K), 1 survivors (8192K)
 Metaspace       used 19331K, committed 19456K, reserved 1114112K
  class space    used 4473K, committed 4544K, reserved 1048576K
}
Event: 1.640 GC heap before
{Heap before GC invocations=3 (full 0):
 garbage-first heap   total 1048576K, used 94124K [0x0000000401000000, 0x0000000800000000)
  region size 8192K, 9 young (73728K), 1 survivors (8192K)
 Metaspace       used 21238K, committed 21504K, reserved 1114112K
  class space    used 4871K, committed 4992K, reserved 1048576K
}
Event: 1.642 GC heap after
{Heap after GC invocations=4 (full 0):
 garbage-first heap   total 1048576K, used 29159K [0x0000000401000000, 0x0000000800000000)
  region size 8192K, 1 young (8192K), 1 survivors (8192K)
 Metaspace       used 21238K, committed 21504K, reserved 1114112K
  class space    used 4871K, committed 4992K, reserved 1048576K
}
Event: 1.644 GC heap before
{Heap before GC invocations=4 (full 0):
 garbage-first heap   total 1048576K, used 29159K [0x0000000401000000, 0x0000000800000000)
  region size 8192K, 2 young (16384K), 1 survivors (8192K)
 Metaspace       used 21277K, committed 21504K, reserved 1114112K
  class space    used 4871K, committed 4992K, reserved 1048576K
}
Event: 1.645 GC heap after
{Heap after GC invocations=5 (full 0):
 garbage-first heap   total 1048576K, used 29301K [0x0000000401000000, 0x0000000800000000)
  region size 8192K, 1 young (8192K), 1 survivors (8192K)
 Metaspace       used 21277K, committed 21504K, reserved 1114112K
  class space    used 4871K, committed 4992K, reserved 1048576K
}
Event: 2.154 GC heap before
{Heap before GC invocations=6 (full 0):
 garbage-first heap   total 196608K, used 160373K [0x0000000401000000, 0x0000000800000000)
  region size 8192K, 18 young (147456K), 1 survivors (8192K)
 Metaspace       used 22536K, committed 22848K, reserved 1114112K
  class space    used 5076K, committed 5184K, reserved 1048576K
}
Event: 2.158 GC heap after
{Heap after GC invocations=7 (full 0):
 garbage-first heap   total 196608K, used 32879K [0x0000000401000000, 0x0000000800000000)
  region size 8192K, 1 young (8192K), 1 survivors (8192K)
 Metaspace       used 22536K, committed 22848K, reserved 1114112K
  class space    used 5076K, committed 5184K, reserved 1048576K
}
Event: 2.221 GC heap before
{Heap before GC invocations=7 (full 0):
 garbage-first heap   total 196608K, used 41071K [0x0000000401000000, 0x0000000800000000)
  region size 8192K, 2 young (16384K), 1 survivors (8192K)
 Metaspace       used 23826K, committed 24128K, reserved 1114112K
  class space    used 5421K, committed 5504K, reserved 1048576K
}
Event: 2.226 GC heap after
{Heap after GC invocations=8 (full 0):
 garbage-first heap   total 196608K, used 32855K [0x0000000401000000, 0x0000000800000000)
  region size 8192K, 1 young (8192K), 1 survivors (8192K)
 Metaspace       used 23826K, committed 24128K, reserved 1114112K
  class space    used 5421K, committed 5504K, reserved 1048576K
}
Event: 3.232 GC heap before
{Heap before GC invocations=8 (full 0):
 garbage-first heap   total 196608K, used 139351K [0x0000000401000000, 0x0000000800000000)
  region size 8192K, 14 young (114688K), 1 survivors (8192K)
 Metaspace       used 34097K, committed 34560K, reserved 1114112K
  class space    used 6393K, committed 6528K, reserved 1048576K
}
Event: 3.235 GC heap after
{Heap after GC invocations=9 (full 0):
 garbage-first heap   total 196608K, used 35660K [0x0000000401000000, 0x0000000800000000)
  region size 8192K, 1 young (8192K), 1 survivors (8192K)
 Metaspace       used 34097K, committed 34560K, reserved 1114112K
  class space    used 6393K, committed 6528K, reserved 1048576K
}
Event: 3.747 GC heap before
{Heap before GC invocations=9 (full 0):
 garbage-first heap   total 196608K, used 43852K [0x0000000401000000, 0x0000000800000000)
  region size 8192K, 3 young (24576K), 1 survivors (8192K)
 Metaspace       used 35578K, committed 35968K, reserved 1114112K
  class space    used 6489K, committed 6592K, reserved 1048576K
}
Event: 3.755 GC heap after
{Heap after GC invocations=10 (full 0):
 garbage-first heap   total 196608K, used 36041K [0x0000000401000000, 0x0000000800000000)
  region size 8192K, 1 young (8192K), 1 survivors (8192K)
 Metaspace       used 35578K, committed 35968K, reserved 1114112K
  class space    used 6489K, committed 6592K, reserved 1048576K
}

